<?xml version="1.0" encoding="UTF-8"?>
<testng-results skipped="0" failed="0" total="1" passed="1">
  <reporter-output>
  </reporter-output>
  <suite name="Default suite" duration-ms="13678" started-at="2017-01-09T19:36:46Z" finished-at="2017-01-09T19:37:00Z">
    <groups>
    </groups>
    <test name="Default test" duration-ms="13678" started-at="2017-01-09T19:36:46Z" finished-at="2017-01-09T19:37:00Z">
      <class name="DDT.wordpresslogin">
        <test-method status="PASS" signature="login()[pri:0, instance:DDT.wordpresslogin@1753acfe]" name="login" duration-ms="13654" started-at="2017-01-09T13:36:46Z" finished-at="2017-01-09T13:37:00Z">
          <reporter-output>
          </reporter-output>
        </test-method> <!-- login -->
      </class> <!-- DDT.wordpresslogin -->
    </test> <!-- Default test -->
  </suite> <!-- Default suite -->
</testng-results>
