<?xml version="1.0" encoding="UTF-8"?>
<!-- Generated by org.testng.reporters.JUnitXMLReporter -->
<testsuite hostname="Sammy" name=" Chrome Test" tests="1" failures="1" timestamp="16 Dec 2016 20:37:48 GMT" time="13.989" errors="0">
  <testcase name="verifytitle" time="0.072" classname="demo.crossbrowser">
    <failure type="java.lang.AssertionError" message="expected [Facebook helps you connect and share with the people in your life.] but found []">
      <![CDATA[java.lang.AssertionError: expected [Facebook helps you connect and share with the people in your life.] but found []
	at demo.crossbrowser.verifytitle(crossbrowser.java:41)
	at java.util.concurrent.FutureTask.run(Unknown Source)
	at java.util.concurrent.ThreadPoolExecutor.runWorker(Unknown Source)
	at java.util.concurrent.ThreadPoolExecutor$Worker.run(Unknown Source)
	at java.lang.Thread.run(Unknown Source)
... Removed 21 stack frames]]>
    </failure>
  </testcase> <!-- verifytitle -->
</testsuite> <!--  Chrome Test -->
