<?xml version="1.0" encoding="UTF-8"?>
<!-- Generated by org.testng.reporters.JUnitXMLReporter -->
<testsuite hostname="Sammy" name="Internetexplorer Test" tests="1" failures="1" timestamp="29 Dec 2016 14:48:57 GMT" time="9.938" errors="0">
  <testcase name="verifytitle" time="0.542" classname="demo.crossbrowser">
    <failure type="java.lang.AssertionError" message="expected [Facebook helps you connect and share with the people in your life.] but found []">
      <![CDATA[java.lang.AssertionError: expected [Facebook helps you connect and share with the people in your life.] but found []
	at demo.crossbrowser.verifytitle(crossbrowser.java:42)
	at java.util.concurrent.FutureTask.run(Unknown Source)
	at java.util.concurrent.ThreadPoolExecutor.runWorker(Unknown Source)
	at java.util.concurrent.ThreadPoolExecutor$Worker.run(Unknown Source)
	at java.lang.Thread.run(Unknown Source)
... Removed 21 stack frames]]>
    </failure>
  </testcase> <!-- verifytitle -->
</testsuite> <!-- Internetexplorer Test -->
